{"/Users/ling/projects/my_github/whitehaven/src/database.ts": {"path":"/Users/ling/projects/my_github/whitehaven/src/database.ts","all":false,"statementMap":{"0":{"start":{"line":1,"column":0},"end":{"line":1,"column":112}},"1":{"start":{"line":2,"column":0},"end":{"line":2,"column":47}},"2":{"start":{"line":3,"column":0},"end":{"line":3,"column":45}},"3":{"start":{"line":4,"column":0},"end":{"line":4,"column":65}},"5":{"start":{"line":6,"column":0},"end":{"line":6,"column":71}},"6":{"start":{"line":7,"column":0},"end":{"line":7,"column":47}},"7":{"start":{"line":8,"column":0},"end":{"line":8,"column":44}},"8":{"start":{"line":9,"column":0},"end":{"line":9,"column":9}},"9":{"start":{"line":10,"column":0},"end":{"line":10,"column":41}},"10":{"start":{"line":11,"column":0},"end":{"line":11,"column":31}},"11":{"start":{"line":12,"column":0},"end":{"line":12,"column":14}},"12":{"start":{"line":13,"column":0},"end":{"line":13,"column":28}},"13":{"start":{"line":14,"column":0},"end":{"line":14,"column":10}},"14":{"start":{"line":15,"column":0},"end":{"line":15,"column":29}},"15":{"start":{"line":16,"column":0},"end":{"line":16,"column":191}},"16":{"start":{"line":17,"column":0},"end":{"line":17,"column":35}},"17":{"start":{"line":18,"column":0},"end":{"line":18,"column":23}},"18":{"start":{"line":19,"column":0},"end":{"line":19,"column":9}},"19":{"start":{"line":20,"column":0},"end":{"line":20,"column":9}},"21":{"start":{"line":22,"column":0},"end":{"line":22,"column":56}},"22":{"start":{"line":23,"column":0},"end":{"line":23,"column":58}},"24":{"start":{"line":25,"column":0},"end":{"line":25,"column":33}},"25":{"start":{"line":26,"column":0},"end":{"line":26,"column":25}},"26":{"start":{"line":27,"column":0},"end":{"line":27,"column":69}},"27":{"start":{"line":28,"column":0},"end":{"line":28,"column":46}},"28":{"start":{"line":29,"column":0},"end":{"line":29,"column":10}},"29":{"start":{"line":30,"column":0},"end":{"line":30,"column":86}},"30":{"start":{"line":31,"column":0},"end":{"line":31,"column":9}},"31":{"start":{"line":32,"column":0},"end":{"line":32,"column":21}},"32":{"start":{"line":33,"column":0},"end":{"line":33,"column":83}},"33":{"start":{"line":34,"column":0},"end":{"line":34,"column":94}},"34":{"start":{"line":35,"column":0},"end":{"line":35,"column":5}},"35":{"start":{"line":36,"column":0},"end":{"line":36,"column":5}},"36":{"start":{"line":37,"column":0},"end":{"line":37,"column":2}},"38":{"start":{"line":39,"column":0},"end":{"line":39,"column":78}},"39":{"start":{"line":40,"column":0},"end":{"line":40,"column":51}},"40":{"start":{"line":41,"column":0},"end":{"line":41,"column":44}},"41":{"start":{"line":42,"column":0},"end":{"line":42,"column":9}},"42":{"start":{"line":43,"column":0},"end":{"line":43,"column":45}},"43":{"start":{"line":44,"column":0},"end":{"line":44,"column":33}},"44":{"start":{"line":45,"column":0},"end":{"line":45,"column":32}},"45":{"start":{"line":46,"column":0},"end":{"line":46,"column":55}},"46":{"start":{"line":47,"column":0},"end":{"line":47,"column":36}},"47":{"start":{"line":48,"column":0},"end":{"line":48,"column":31}},"48":{"start":{"line":49,"column":0},"end":{"line":49,"column":10}},"49":{"start":{"line":50,"column":0},"end":{"line":50,"column":29}},"50":{"start":{"line":51,"column":0},"end":{"line":51,"column":131}},"51":{"start":{"line":52,"column":0},"end":{"line":52,"column":9}},"53":{"start":{"line":54,"column":0},"end":{"line":54,"column":58}},"54":{"start":{"line":55,"column":0},"end":{"line":55,"column":75}},"55":{"start":{"line":56,"column":0},"end":{"line":56,"column":45}},"56":{"start":{"line":57,"column":0},"end":{"line":57,"column":78}},"57":{"start":{"line":58,"column":0},"end":{"line":58,"column":33}},"58":{"start":{"line":59,"column":0},"end":{"line":59,"column":21}},"59":{"start":{"line":60,"column":0},"end":{"line":60,"column":85}},"60":{"start":{"line":61,"column":0},"end":{"line":61,"column":96}},"61":{"start":{"line":62,"column":0},"end":{"line":62,"column":5}},"62":{"start":{"line":63,"column":0},"end":{"line":63,"column":5}},"63":{"start":{"line":64,"column":0},"end":{"line":64,"column":2}},"65":{"start":{"line":66,"column":0},"end":{"line":66,"column":77}},"66":{"start":{"line":67,"column":0},"end":{"line":67,"column":51}},"68":{"start":{"line":69,"column":0},"end":{"line":69,"column":44}},"69":{"start":{"line":70,"column":0},"end":{"line":70,"column":9}},"70":{"start":{"line":71,"column":0},"end":{"line":71,"column":41}},"71":{"start":{"line":72,"column":0},"end":{"line":72,"column":33}},"72":{"start":{"line":73,"column":0},"end":{"line":73,"column":14}},"73":{"start":{"line":74,"column":0},"end":{"line":74,"column":24}},"74":{"start":{"line":75,"column":0},"end":{"line":75,"column":10}},"75":{"start":{"line":76,"column":0},"end":{"line":76,"column":29}},"76":{"start":{"line":77,"column":0},"end":{"line":77,"column":172}},"77":{"start":{"line":78,"column":0},"end":{"line":78,"column":35}},"78":{"start":{"line":79,"column":0},"end":{"line":79,"column":23}},"79":{"start":{"line":80,"column":0},"end":{"line":80,"column":9}},"80":{"start":{"line":81,"column":0},"end":{"line":81,"column":9}},"81":{"start":{"line":82,"column":0},"end":{"line":82,"column":56}},"82":{"start":{"line":83,"column":0},"end":{"line":83,"column":60}},"84":{"start":{"line":85,"column":0},"end":{"line":85,"column":35}},"85":{"start":{"line":86,"column":0},"end":{"line":86,"column":27}},"86":{"start":{"line":87,"column":0},"end":{"line":87,"column":73}},"87":{"start":{"line":88,"column":0},"end":{"line":88,"column":50}},"88":{"start":{"line":89,"column":0},"end":{"line":89,"column":10}},"89":{"start":{"line":90,"column":0},"end":{"line":90,"column":84}},"90":{"start":{"line":91,"column":0},"end":{"line":91,"column":9}},"91":{"start":{"line":92,"column":0},"end":{"line":92,"column":21}},"92":{"start":{"line":93,"column":0},"end":{"line":93,"column":89}},"93":{"start":{"line":94,"column":0},"end":{"line":94,"column":100}},"94":{"start":{"line":95,"column":0},"end":{"line":95,"column":5}},"95":{"start":{"line":96,"column":0},"end":{"line":96,"column":5}},"96":{"start":{"line":97,"column":0},"end":{"line":97,"column":2}}},"s":{"0":1,"1":1,"2":1,"3":1,"5":1,"6":2,"7":2,"8":2,"9":2,"10":2,"11":2,"12":2,"13":2,"14":2,"15":2,"16":2,"17":2,"18":2,"19":2,"21":2,"22":2,"24":2,"25":2,"26":1,"27":1,"28":1,"29":2,"30":2,"31":2,"32":1,"33":1,"34":1,"35":2,"36":2,"38":1,"39":3,"40":3,"41":3,"42":3,"43":3,"44":3,"45":3,"46":3,"47":3,"48":3,"49":3,"50":3,"51":3,"53":3,"54":2,"55":2,"56":2,"57":2,"58":3,"59":1,"60":1,"61":1,"62":3,"63":3,"65":1,"66":2,"68":2,"69":2,"70":2,"71":2,"72":2,"73":2,"74":2,"75":2,"76":2,"77":2,"78":2,"79":2,"80":2,"81":2,"82":2,"84":2,"85":2,"86":1,"87":1,"88":1,"89":2,"90":2,"91":2,"92":1,"93":1,"94":1,"95":2,"96":2},"branchMap":{"0":{"type":"branch","line":6,"loc":{"start":{"line":6,"column":18},"end":{"line":37,"column":2}},"locations":[{"start":{"line":6,"column":18},"end":{"line":37,"column":2}}]},"1":{"type":"branch","line":8,"loc":{"start":{"line":8,"column":21},"end":{"line":36,"column":3}},"locations":[{"start":{"line":8,"column":21},"end":{"line":36,"column":3}}]},"2":{"type":"branch","line":32,"loc":{"start":{"line":32,"column":4},"end":{"line":35,"column":5}},"locations":[{"start":{"line":32,"column":4},"end":{"line":35,"column":5}}]},"3":{"type":"branch","line":26,"loc":{"start":{"line":26,"column":14},"end":{"line":29,"column":10}},"locations":[{"start":{"line":26,"column":14},"end":{"line":29,"column":10}}]},"4":{"type":"branch","line":30,"loc":{"start":{"line":30,"column":17},"end":{"line":30,"column":86}},"locations":[{"start":{"line":30,"column":17},"end":{"line":30,"column":86}}]},"5":{"type":"branch","line":39,"loc":{"start":{"line":39,"column":21},"end":{"line":64,"column":2}},"locations":[{"start":{"line":39,"column":21},"end":{"line":64,"column":2}}]},"6":{"type":"branch","line":41,"loc":{"start":{"line":41,"column":21},"end":{"line":63,"column":3}},"locations":[{"start":{"line":41,"column":21},"end":{"line":63,"column":3}}]},"7":{"type":"branch","line":54,"loc":{"start":{"line":54,"column":56},"end":{"line":59,"column":13}},"locations":[{"start":{"line":54,"column":56},"end":{"line":59,"column":13}}]},"8":{"type":"branch","line":59,"loc":{"start":{"line":59,"column":4},"end":{"line":62,"column":5}},"locations":[{"start":{"line":59,"column":4},"end":{"line":62,"column":5}}]},"9":{"type":"branch","line":57,"loc":{"start":{"line":57,"column":13},"end":{"line":57,"column":77}},"locations":[{"start":{"line":57,"column":13},"end":{"line":57,"column":77}}]},"10":{"type":"branch","line":57,"loc":{"start":{"line":57,"column":32},"end":{"line":57,"column":76}},"locations":[{"start":{"line":57,"column":32},"end":{"line":57,"column":76}}]},"11":{"type":"branch","line":66,"loc":{"start":{"line":66,"column":20},"end":{"line":97,"column":2}},"locations":[{"start":{"line":66,"column":20},"end":{"line":97,"column":2}}]},"12":{"type":"branch","line":69,"loc":{"start":{"line":69,"column":21},"end":{"line":96,"column":3}},"locations":[{"start":{"line":69,"column":21},"end":{"line":96,"column":3}}]},"13":{"type":"branch","line":92,"loc":{"start":{"line":92,"column":4},"end":{"line":95,"column":5}},"locations":[{"start":{"line":92,"column":4},"end":{"line":95,"column":5}}]},"14":{"type":"branch","line":86,"loc":{"start":{"line":86,"column":14},"end":{"line":89,"column":10}},"locations":[{"start":{"line":86,"column":14},"end":{"line":89,"column":10}}]},"15":{"type":"branch","line":90,"loc":{"start":{"line":90,"column":17},"end":{"line":90,"column":84}},"locations":[{"start":{"line":90,"column":17},"end":{"line":90,"column":84}}]}},"b":{"0":[2],"1":[2],"2":[1],"3":[1],"4":[1],"5":[3],"6":[3],"7":[2],"8":[1],"9":[2],"10":[1],"11":[2],"12":[2],"13":[1],"14":[1],"15":[1]},"fnMap":{"0":{"name":"getMember","decl":{"start":{"line":6,"column":18},"end":{"line":37,"column":2}},"loc":{"start":{"line":6,"column":18},"end":{"line":37,"column":2}},"line":6},"1":{"name":"Just","decl":{"start":{"line":26,"column":14},"end":{"line":29,"column":10}},"loc":{"start":{"line":26,"column":14},"end":{"line":29,"column":10}},"line":26},"2":{"name":"Nothing","decl":{"start":{"line":30,"column":17},"end":{"line":30,"column":86}},"loc":{"start":{"line":30,"column":17},"end":{"line":30,"column":86}},"line":30},"3":{"name":"getContracts","decl":{"start":{"line":39,"column":21},"end":{"line":64,"column":2}},"loc":{"start":{"line":39,"column":21},"end":{"line":64,"column":2}},"line":39},"4":{"name":"getProspect","decl":{"start":{"line":66,"column":20},"end":{"line":97,"column":2}},"loc":{"start":{"line":66,"column":20},"end":{"line":97,"column":2}},"line":66},"5":{"name":"Just","decl":{"start":{"line":86,"column":14},"end":{"line":89,"column":10}},"loc":{"start":{"line":86,"column":14},"end":{"line":89,"column":10}},"line":86},"6":{"name":"Nothing","decl":{"start":{"line":90,"column":17},"end":{"line":90,"column":84}},"loc":{"start":{"line":90,"column":17},"end":{"line":90,"column":84}},"line":90}},"f":{"0":2,"1":1,"2":1,"3":3,"4":2,"5":1,"6":1}}
,"/Users/ling/projects/my_github/whitehaven/src/datetime.ts": {"path":"/Users/ling/projects/my_github/whitehaven/src/datetime.ts","all":false,"statementMap":{"0":{"start":{"line":1,"column":0},"end":{"line":1,"column":34}},"1":{"start":{"line":2,"column":0},"end":{"line":2,"column":34}},"3":{"start":{"line":4,"column":0},"end":{"line":4,"column":46}},"4":{"start":{"line":5,"column":0},"end":{"line":5,"column":50}},"5":{"start":{"line":6,"column":0},"end":{"line":6,"column":2}},"7":{"start":{"line":8,"column":0},"end":{"line":8,"column":114}},"8":{"start":{"line":9,"column":0},"end":{"line":9,"column":61}},"9":{"start":{"line":10,"column":0},"end":{"line":10,"column":63}},"11":{"start":{"line":12,"column":0},"end":{"line":12,"column":22}},"12":{"start":{"line":13,"column":0},"end":{"line":13,"column":99}},"13":{"start":{"line":14,"column":0},"end":{"line":14,"column":25}},"14":{"start":{"line":15,"column":0},"end":{"line":15,"column":2}},"16":{"start":{"line":17,"column":0},"end":{"line":17,"column":51}}},"s":{"0":1,"1":1,"3":1,"4":7,"5":7,"7":1,"8":6,"9":6,"11":6,"12":6,"13":6,"14":6,"16":1},"branchMap":{"0":{"type":"branch","line":4,"loc":{"start":{"line":4,"column":15},"end":{"line":6,"column":2}},"locations":[{"start":{"line":4,"column":15},"end":{"line":6,"column":2}}]},"1":{"type":"branch","line":8,"loc":{"start":{"line":8,"column":27},"end":{"line":15,"column":2}},"locations":[{"start":{"line":8,"column":27},"end":{"line":15,"column":2}}]},"2":{"type":"branch","line":13,"loc":{"start":{"line":13,"column":9},"end":{"line":13,"column":98}},"locations":[{"start":{"line":13,"column":9},"end":{"line":13,"column":98}}]},"3":{"type":"branch","line":13,"loc":{"start":{"line":13,"column":37},"end":{"line":13,"column":80}},"locations":[{"start":{"line":13,"column":37},"end":{"line":13,"column":80}}]},"4":{"type":"branch","line":13,"loc":{"start":{"line":13,"column":56},"end":{"line":13,"column":73}},"locations":[{"start":{"line":13,"column":56},"end":{"line":13,"column":73}}]},"5":{"type":"branch","line":13,"loc":{"start":{"line":13,"column":65},"end":{"line":13,"column":80}},"locations":[{"start":{"line":13,"column":65},"end":{"line":13,"column":80}}]}},"b":{"0":[7],"1":[6],"2":[4],"3":[3],"4":[1],"5":[2]},"fnMap":{"0":{"name":"toDate","decl":{"start":{"line":4,"column":15},"end":{"line":6,"column":2}},"loc":{"start":{"line":4,"column":15},"end":{"line":6,"column":2}},"line":4},"1":{"name":"getEarlierDateTime","decl":{"start":{"line":8,"column":27},"end":{"line":15,"column":2}},"loc":{"start":{"line":8,"column":27},"end":{"line":15,"column":2}},"line":8}},"f":{"0":7,"1":6}}
,"/Users/ling/projects/my_github/whitehaven/src/dynamodbClient.ts": {"path":"/Users/ling/projects/my_github/whitehaven/src/dynamodbClient.ts","all":false,"statementMap":{"0":{"start":{"line":1,"column":0},"end":{"line":1,"column":58}},"1":{"start":{"line":2,"column":0},"end":{"line":2,"column":63}},"3":{"start":{"line":4,"column":0},"end":{"line":4,"column":49}},"4":{"start":{"line":5,"column":0},"end":{"line":5,"column":60}},"5":{"start":{"line":6,"column":0},"end":{"line":6,"column":48}},"6":{"start":{"line":7,"column":0},"end":{"line":7,"column":45}},"7":{"start":{"line":8,"column":0},"end":{"line":8,"column":2}}},"s":{"0":1,"1":1,"3":1,"4":3,"5":3,"6":3,"7":3},"branchMap":{"0":{"type":"branch","line":4,"loc":{"start":{"line":4,"column":18},"end":{"line":8,"column":2}},"locations":[{"start":{"line":4,"column":18},"end":{"line":8,"column":2}}]},"1":{"type":"branch","line":5,"loc":{"start":{"line":5,"column":29},"end":{"line":5,"column":60}},"locations":[{"start":{"line":5,"column":29},"end":{"line":5,"column":60}}]}},"b":{"0":[3],"1":[2]},"fnMap":{"0":{"name":"getClient","decl":{"start":{"line":4,"column":18},"end":{"line":8,"column":2}},"loc":{"start":{"line":4,"column":18},"end":{"line":8,"column":2}},"line":4}},"f":{"0":3}}
,"/Users/ling/projects/my_github/whitehaven/src/index.ts": {"path":"/Users/ling/projects/my_github/whitehaven/src/index.ts","all":false,"statementMap":{"0":{"start":{"line":1,"column":0},"end":{"line":1,"column":49}},"1":{"start":{"line":2,"column":0},"end":{"line":2,"column":40}},"2":{"start":{"line":3,"column":0},"end":{"line":3,"column":50}},"3":{"start":{"line":4,"column":0},"end":{"line":4,"column":43}},"11":{"start":{"line":12,"column":0},"end":{"line":12,"column":44}},"12":{"start":{"line":13,"column":0},"end":{"line":13,"column":58}},"14":{"start":{"line":15,"column":0},"end":{"line":15,"column":69}},"15":{"start":{"line":16,"column":0},"end":{"line":16,"column":68}},"16":{"start":{"line":17,"column":0},"end":{"line":17,"column":47}},"17":{"start":{"line":18,"column":0},"end":{"line":18,"column":57}},"18":{"start":{"line":19,"column":0},"end":{"line":19,"column":64}},"19":{"start":{"line":20,"column":0},"end":{"line":20,"column":70}},"21":{"start":{"line":22,"column":0},"end":{"line":22,"column":35}},"22":{"start":{"line":23,"column":0},"end":{"line":23,"column":5}},"24":{"start":{"line":25,"column":0},"end":{"line":25,"column":64}},"25":{"start":{"line":26,"column":0},"end":{"line":26,"column":26}},"26":{"start":{"line":27,"column":0},"end":{"line":27,"column":18}},"27":{"start":{"line":28,"column":0},"end":{"line":28,"column":54}},"28":{"start":{"line":29,"column":0},"end":{"line":29,"column":14}},"29":{"start":{"line":30,"column":0},"end":{"line":30,"column":24}},"30":{"start":{"line":31,"column":0},"end":{"line":31,"column":64}},"31":{"start":{"line":32,"column":0},"end":{"line":32,"column":8}},"32":{"start":{"line":33,"column":0},"end":{"line":33,"column":6}},"34":{"start":{"line":35,"column":0},"end":{"line":35,"column":20}},"35":{"start":{"line":36,"column":0},"end":{"line":36,"column":99}},"36":{"start":{"line":37,"column":0},"end":{"line":37,"column":84}},"37":{"start":{"line":38,"column":0},"end":{"line":38,"column":93}},"38":{"start":{"line":39,"column":0},"end":{"line":39,"column":16}},"39":{"start":{"line":40,"column":0},"end":{"line":40,"column":26}},"40":{"start":{"line":41,"column":0},"end":{"line":41,"column":102}},"41":{"start":{"line":42,"column":0},"end":{"line":42,"column":10}},"42":{"start":{"line":43,"column":0},"end":{"line":43,"column":14}},"43":{"start":{"line":44,"column":0},"end":{"line":44,"column":49}},"44":{"start":{"line":45,"column":0},"end":{"line":45,"column":20}},"45":{"start":{"line":46,"column":0},"end":{"line":46,"column":7}},"46":{"start":{"line":47,"column":0},"end":{"line":47,"column":5}},"47":{"start":{"line":48,"column":0},"end":{"line":48,"column":5}},"48":{"start":{"line":49,"column":0},"end":{"line":49,"column":2}}},"s":{"0":1,"1":1,"2":1,"3":1,"11":1,"12":5,"14":5,"15":5,"16":5,"17":5,"18":5,"19":5,"21":5,"22":5,"24":5,"25":5,"26":5,"27":2,"28":2,"29":2,"30":2,"31":2,"32":2,"34":5,"35":3,"36":3,"37":1,"38":1,"39":1,"40":1,"41":1,"42":3,"43":2,"44":2,"45":2,"46":3,"47":5,"48":5},"branchMap":{"0":{"type":"branch","line":12,"loc":{"start":{"line":12,"column":16},"end":{"line":49,"column":2}},"locations":[{"start":{"line":12,"column":16},"end":{"line":49,"column":2}}]},"1":{"type":"branch","line":15,"loc":{"start":{"line":15,"column":45},"end":{"line":23,"column":3}},"locations":[{"start":{"line":15,"column":45},"end":{"line":23,"column":3}}]},"2":{"type":"branch","line":27,"loc":{"start":{"line":27,"column":11},"end":{"line":33,"column":6}},"locations":[{"start":{"line":27,"column":11},"end":{"line":33,"column":6}}]},"3":{"type":"branch","line":35,"loc":{"start":{"line":35,"column":10},"end":{"line":47,"column":5}},"locations":[{"start":{"line":35,"column":10},"end":{"line":47,"column":5}}]},"4":{"type":"branch","line":37,"loc":{"start":{"line":37,"column":28},"end":{"line":37,"column":83}},"locations":[{"start":{"line":37,"column":28},"end":{"line":37,"column":83}}]},"5":{"type":"branch","line":37,"loc":{"start":{"line":37,"column":83},"end":{"line":43,"column":13}},"locations":[{"start":{"line":37,"column":83},"end":{"line":43,"column":13}}]},"6":{"type":"branch","line":43,"loc":{"start":{"line":43,"column":6},"end":{"line":46,"column":7}},"locations":[{"start":{"line":43,"column":6},"end":{"line":46,"column":7}}]}},"b":{"0":[5],"1":[5],"2":[2],"3":[3],"4":[2],"5":[1],"6":[2]},"fnMap":{"0":{"name":"handler","decl":{"start":{"line":12,"column":16},"end":{"line":49,"column":2}},"loc":{"start":{"line":12,"column":16},"end":{"line":49,"column":2}},"line":12},"1":{"name":"Right","decl":{"start":{"line":27,"column":11},"end":{"line":33,"column":6}},"loc":{"start":{"line":27,"column":11},"end":{"line":33,"column":6}},"line":27},"2":{"name":"Left","decl":{"start":{"line":35,"column":10},"end":{"line":47,"column":5}},"loc":{"start":{"line":35,"column":10},"end":{"line":47,"column":5}},"line":35}},"f":{"0":5,"1":2,"2":3}}
,"/Users/ling/projects/my_github/whitehaven/src/memberEventTypes.ts": {"path":"/Users/ling/projects/my_github/whitehaven/src/memberEventTypes.ts","all":false,"statementMap":{"0":{"start":{"line":1,"column":0},"end":{"line":1,"column":39}},"1":{"start":{"line":2,"column":0},"end":{"line":2,"column":33}},"2":{"start":{"line":3,"column":0},"end":{"line":3,"column":35}},"3":{"start":{"line":4,"column":0},"end":{"line":4,"column":39}},"4":{"start":{"line":5,"column":0},"end":{"line":5,"column":35}},"5":{"start":{"line":6,"column":0},"end":{"line":6,"column":37}},"6":{"start":{"line":7,"column":0},"end":{"line":7,"column":47}},"7":{"start":{"line":8,"column":0},"end":{"line":8,"column":46}},"8":{"start":{"line":9,"column":0},"end":{"line":9,"column":3}}},"s":{"0":1,"1":1,"2":1,"3":1,"4":1,"5":1,"6":1,"7":1,"8":1},"branchMap":{},"b":{},"fnMap":{},"f":{}}
,"/Users/ling/projects/my_github/whitehaven/src/schema.ts": {"path":"/Users/ling/projects/my_github/whitehaven/src/schema.ts","all":false,"statementMap":{"0":{"start":{"line":1,"column":0},"end":{"line":1,"column":24}},"1":{"start":{"line":2,"column":0},"end":{"line":2,"column":32}},"2":{"start":{"line":3,"column":0},"end":{"line":3,"column":23}},"3":{"start":{"line":4,"column":0},"end":{"line":4,"column":24}},"4":{"start":{"line":5,"column":0},"end":{"line":5,"column":35}},"5":{"start":{"line":6,"column":0},"end":{"line":6,"column":35}},"6":{"start":{"line":7,"column":0},"end":{"line":7,"column":37}},"7":{"start":{"line":8,"column":0},"end":{"line":8,"column":35}},"8":{"start":{"line":9,"column":0},"end":{"line":9,"column":31}},"9":{"start":{"line":10,"column":0},"end":{"line":10,"column":3}},"12":{"start":{"line":13,"column":0},"end":{"line":13,"column":31}},"13":{"start":{"line":14,"column":0},"end":{"line":14,"column":23}},"14":{"start":{"line":15,"column":0},"end":{"line":15,"column":29}},"15":{"start":{"line":16,"column":0},"end":{"line":16,"column":20}},"16":{"start":{"line":17,"column":0},"end":{"line":17,"column":27}},"17":{"start":{"line":18,"column":0},"end":{"line":18,"column":22}},"18":{"start":{"line":19,"column":0},"end":{"line":19,"column":24}},"19":{"start":{"line":20,"column":0},"end":{"line":20,"column":18}},"20":{"start":{"line":21,"column":0},"end":{"line":21,"column":31}},"21":{"start":{"line":22,"column":0},"end":{"line":22,"column":50}},"22":{"start":{"line":23,"column":0},"end":{"line":23,"column":35}},"23":{"start":{"line":24,"column":0},"end":{"line":24,"column":35}},"24":{"start":{"line":25,"column":0},"end":{"line":25,"column":32}},"25":{"start":{"line":26,"column":0},"end":{"line":26,"column":48}},"26":{"start":{"line":27,"column":0},"end":{"line":27,"column":30}},"27":{"start":{"line":28,"column":0},"end":{"line":28,"column":31}},"28":{"start":{"line":29,"column":0},"end":{"line":29,"column":40}},"29":{"start":{"line":30,"column":0},"end":{"line":30,"column":43}},"30":{"start":{"line":31,"column":0},"end":{"line":31,"column":3}},"31":{"start":{"line":32,"column":0},"end":{"line":32,"column":36}},"32":{"start":{"line":33,"column":0},"end":{"line":33,"column":69}},"33":{"start":{"line":34,"column":0},"end":{"line":34,"column":45}},"34":{"start":{"line":35,"column":0},"end":{"line":35,"column":46}},"35":{"start":{"line":36,"column":0},"end":{"line":36,"column":3}},"41":{"start":{"line":42,"column":0},"end":{"line":42,"column":33}},"42":{"start":{"line":43,"column":0},"end":{"line":43,"column":17}},"43":{"start":{"line":44,"column":0},"end":{"line":44,"column":23}},"44":{"start":{"line":45,"column":0},"end":{"line":45,"column":39}},"45":{"start":{"line":46,"column":0},"end":{"line":46,"column":25}},"46":{"start":{"line":47,"column":0},"end":{"line":47,"column":27}},"47":{"start":{"line":48,"column":0},"end":{"line":48,"column":37}},"48":{"start":{"line":49,"column":0},"end":{"line":49,"column":24}},"49":{"start":{"line":50,"column":0},"end":{"line":50,"column":35}},"50":{"start":{"line":51,"column":0},"end":{"line":51,"column":39}},"51":{"start":{"line":52,"column":0},"end":{"line":52,"column":63}},"52":{"start":{"line":53,"column":0},"end":{"line":53,"column":3}},"53":{"start":{"line":54,"column":0},"end":{"line":54,"column":74}},"54":{"start":{"line":55,"column":0},"end":{"line":55,"column":48}},"55":{"start":{"line":56,"column":0},"end":{"line":56,"column":60}},"56":{"start":{"line":57,"column":0},"end":{"line":57,"column":3}},"57":{"start":{"line":58,"column":0},"end":{"line":58,"column":49}},"58":{"start":{"line":59,"column":0},"end":{"line":59,"column":48}},"59":{"start":{"line":60,"column":0},"end":{"line":60,"column":3}},"65":{"start":{"line":66,"column":0},"end":{"line":66,"column":41}},"66":{"start":{"line":67,"column":0},"end":{"line":67,"column":26}},"67":{"start":{"line":68,"column":0},"end":{"line":68,"column":39}},"68":{"start":{"line":69,"column":0},"end":{"line":69,"column":3}},"71":{"start":{"line":72,"column":0},"end":{"line":72,"column":33}},"72":{"start":{"line":73,"column":0},"end":{"line":73,"column":25}},"73":{"start":{"line":74,"column":0},"end":{"line":74,"column":32}},"74":{"start":{"line":75,"column":0},"end":{"line":75,"column":20}},"75":{"start":{"line":76,"column":0},"end":{"line":76,"column":21}},"76":{"start":{"line":77,"column":0},"end":{"line":77,"column":23}},"77":{"start":{"line":78,"column":0},"end":{"line":78,"column":35}},"78":{"start":{"line":79,"column":0},"end":{"line":79,"column":37}},"79":{"start":{"line":80,"column":0},"end":{"line":80,"column":39}},"80":{"start":{"line":81,"column":0},"end":{"line":81,"column":30}},"81":{"start":{"line":82,"column":0},"end":{"line":82,"column":35}},"82":{"start":{"line":83,"column":0},"end":{"line":83,"column":30}},"83":{"start":{"line":84,"column":0},"end":{"line":84,"column":3}},"84":{"start":{"line":85,"column":0},"end":{"line":85,"column":48}},"85":{"start":{"line":86,"column":0},"end":{"line":86,"column":17}},"86":{"start":{"line":87,"column":0},"end":{"line":87,"column":32}},"87":{"start":{"line":88,"column":0},"end":{"line":88,"column":24}},"88":{"start":{"line":89,"column":0},"end":{"line":89,"column":22}},"89":{"start":{"line":90,"column":0},"end":{"line":90,"column":27}},"90":{"start":{"line":91,"column":0},"end":{"line":91,"column":37}},"91":{"start":{"line":92,"column":0},"end":{"line":92,"column":3}},"94":{"start":{"line":95,"column":0},"end":{"line":95,"column":56}},"95":{"start":{"line":96,"column":0},"end":{"line":96,"column":24}},"96":{"start":{"line":97,"column":0},"end":{"line":97,"column":26}},"97":{"start":{"line":98,"column":0},"end":{"line":98,"column":25}},"98":{"start":{"line":99,"column":0},"end":{"line":99,"column":24}},"99":{"start":{"line":100,"column":0},"end":{"line":100,"column":23}},"100":{"start":{"line":101,"column":0},"end":{"line":101,"column":20}},"101":{"start":{"line":102,"column":0},"end":{"line":102,"column":25}},"102":{"start":{"line":103,"column":0},"end":{"line":103,"column":27}},"103":{"start":{"line":104,"column":0},"end":{"line":104,"column":3}}},"s":{"0":1,"1":1,"2":1,"3":1,"4":1,"5":1,"6":1,"7":1,"8":1,"9":1,"12":1,"13":1,"14":1,"15":1,"16":1,"17":1,"18":1,"19":1,"20":1,"21":1,"22":1,"23":1,"24":1,"25":1,"26":1,"27":1,"28":1,"29":1,"30":1,"31":1,"32":1,"33":1,"34":1,"35":1,"41":1,"42":1,"43":1,"44":1,"45":1,"46":1,"47":1,"48":1,"49":1,"50":1,"51":1,"52":1,"53":1,"54":1,"55":1,"56":1,"57":1,"58":1,"59":1,"65":1,"66":1,"67":1,"68":1,"71":1,"72":1,"73":1,"74":1,"75":1,"76":1,"77":1,"78":1,"79":1,"80":1,"81":1,"82":1,"83":1,"84":1,"85":1,"86":1,"87":1,"88":1,"89":1,"90":1,"91":1,"94":1,"95":1,"96":1,"97":1,"98":1,"99":1,"100":1,"101":1,"102":1,"103":1},"branchMap":{},"b":{},"fnMap":{},"f":{}}
,"/Users/ling/projects/my_github/whitehaven/src/service.ts": {"path":"/Users/ling/projects/my_github/whitehaven/src/service.ts","all":false,"statementMap":{"0":{"start":{"line":1,"column":0},"end":{"line":1,"column":53}},"1":{"start":{"line":2,"column":0},"end":{"line":2,"column":67}},"2":{"start":{"line":3,"column":0},"end":{"line":3,"column":53}},"17":{"start":{"line":18,"column":0},"end":{"line":18,"column":18}},"18":{"start":{"line":19,"column":0},"end":{"line":19,"column":66}},"19":{"start":{"line":20,"column":0},"end":{"line":20,"column":67}},"21":{"start":{"line":22,"column":0},"end":{"line":22,"column":92}},"22":{"start":{"line":23,"column":0},"end":{"line":23,"column":32}},"23":{"start":{"line":24,"column":0},"end":{"line":24,"column":89}},"24":{"start":{"line":25,"column":0},"end":{"line":25,"column":67}},"25":{"start":{"line":26,"column":0},"end":{"line":26,"column":67}},"26":{"start":{"line":27,"column":0},"end":{"line":27,"column":90}},"27":{"start":{"line":28,"column":0},"end":{"line":28,"column":6}},"28":{"start":{"line":29,"column":0},"end":{"line":29,"column":4}},"29":{"start":{"line":30,"column":0},"end":{"line":30,"column":2}},"31":{"start":{"line":32,"column":0},"end":{"line":32,"column":91}},"32":{"start":{"line":33,"column":0},"end":{"line":33,"column":27}},"33":{"start":{"line":34,"column":0},"end":{"line":34,"column":37}},"34":{"start":{"line":35,"column":0},"end":{"line":35,"column":87}},"36":{"start":{"line":37,"column":0},"end":{"line":37,"column":29}},"37":{"start":{"line":38,"column":0},"end":{"line":38,"column":64}},"38":{"start":{"line":39,"column":0},"end":{"line":39,"column":48}},"39":{"start":{"line":40,"column":0},"end":{"line":40,"column":11}},"40":{"start":{"line":41,"column":0},"end":{"line":41,"column":62}},"41":{"start":{"line":42,"column":0},"end":{"line":42,"column":6}},"42":{"start":{"line":43,"column":0},"end":{"line":43,"column":4}},"43":{"start":{"line":44,"column":0},"end":{"line":44,"column":2}},"45":{"start":{"line":46,"column":0},"end":{"line":46,"column":89}},"46":{"start":{"line":47,"column":0},"end":{"line":47,"column":105}},"47":{"start":{"line":48,"column":0},"end":{"line":48,"column":105}},"48":{"start":{"line":49,"column":0},"end":{"line":49,"column":84}},"49":{"start":{"line":50,"column":0},"end":{"line":50,"column":65}},"50":{"start":{"line":51,"column":0},"end":{"line":51,"column":32}},"51":{"start":{"line":52,"column":0},"end":{"line":52,"column":22}},"53":{"start":{"line":54,"column":0},"end":{"line":54,"column":42}},"54":{"start":{"line":55,"column":0},"end":{"line":55,"column":60}},"55":{"start":{"line":56,"column":0},"end":{"line":56,"column":83}},"56":{"start":{"line":57,"column":0},"end":{"line":57,"column":42}},"57":{"start":{"line":58,"column":0},"end":{"line":58,"column":4}},"59":{"start":{"line":60,"column":0},"end":{"line":60,"column":36}},"60":{"start":{"line":61,"column":0},"end":{"line":61,"column":54}},"61":{"start":{"line":62,"column":0},"end":{"line":62,"column":2}},"63":{"start":{"line":64,"column":0},"end":{"line":64,"column":99}},"64":{"start":{"line":65,"column":0},"end":{"line":65,"column":52}},"66":{"start":{"line":67,"column":0},"end":{"line":67,"column":81}},"68":{"start":{"line":69,"column":0},"end":{"line":69,"column":72}},"69":{"start":{"line":70,"column":0},"end":{"line":70,"column":2}},"71":{"start":{"line":72,"column":0},"end":{"line":72,"column":98}},"72":{"start":{"line":73,"column":0},"end":{"line":73,"column":50}},"73":{"start":{"line":74,"column":0},"end":{"line":74,"column":31}},"74":{"start":{"line":75,"column":0},"end":{"line":75,"column":37}},"75":{"start":{"line":76,"column":0},"end":{"line":76,"column":25}},"76":{"start":{"line":77,"column":0},"end":{"line":77,"column":35}},"77":{"start":{"line":78,"column":0},"end":{"line":78,"column":36}},"78":{"start":{"line":79,"column":0},"end":{"line":79,"column":33}},"79":{"start":{"line":80,"column":0},"end":{"line":80,"column":35}},"80":{"start":{"line":81,"column":0},"end":{"line":81,"column":30}},"81":{"start":{"line":82,"column":0},"end":{"line":82,"column":34}},"82":{"start":{"line":83,"column":0},"end":{"line":83,"column":28}},"83":{"start":{"line":84,"column":0},"end":{"line":84,"column":24}},"84":{"start":{"line":85,"column":0},"end":{"line":85,"column":32}},"85":{"start":{"line":86,"column":0},"end":{"line":86,"column":28}},"86":{"start":{"line":87,"column":0},"end":{"line":87,"column":30}},"87":{"start":{"line":88,"column":0},"end":{"line":88,"column":34}},"88":{"start":{"line":89,"column":0},"end":{"line":89,"column":42}},"89":{"start":{"line":90,"column":0},"end":{"line":90,"column":46}},"90":{"start":{"line":91,"column":0},"end":{"line":91,"column":30}},"91":{"start":{"line":92,"column":0},"end":{"line":92,"column":35}},"92":{"start":{"line":93,"column":0},"end":{"line":93,"column":6}},"93":{"start":{"line":94,"column":0},"end":{"line":94,"column":61}},"94":{"start":{"line":95,"column":0},"end":{"line":95,"column":5}},"95":{"start":{"line":96,"column":0},"end":{"line":96,"column":2}},"97":{"start":{"line":98,"column":0},"end":{"line":98,"column":74}},"98":{"start":{"line":99,"column":0},"end":{"line":99,"column":40}},"99":{"start":{"line":100,"column":0},"end":{"line":100,"column":48}},"100":{"start":{"line":101,"column":0},"end":{"line":101,"column":94}},"101":{"start":{"line":102,"column":0},"end":{"line":102,"column":39}},"102":{"start":{"line":103,"column":0},"end":{"line":103,"column":7}},"104":{"start":{"line":105,"column":0},"end":{"line":105,"column":28}},"105":{"start":{"line":106,"column":0},"end":{"line":106,"column":60}},"106":{"start":{"line":107,"column":0},"end":{"line":107,"column":92}},"107":{"start":{"line":108,"column":0},"end":{"line":108,"column":56}},"108":{"start":{"line":109,"column":0},"end":{"line":109,"column":7}},"110":{"start":{"line":111,"column":0},"end":{"line":111,"column":62}},"111":{"start":{"line":112,"column":0},"end":{"line":112,"column":44}},"112":{"start":{"line":113,"column":0},"end":{"line":113,"column":28}},"113":{"start":{"line":114,"column":0},"end":{"line":114,"column":99}},"114":{"start":{"line":115,"column":0},"end":{"line":115,"column":21}},"115":{"start":{"line":116,"column":0},"end":{"line":116,"column":2}}},"s":{"0":1,"1":1,"2":1,"17":1,"18":1,"19":1,"21":1,"22":3,"23":3,"24":2,"25":2,"26":2,"27":3,"28":3,"29":3,"31":1,"32":2,"33":2,"34":2,"36":2,"37":2,"38":1,"39":2,"40":2,"41":2,"42":2,"43":2,"45":1,"46":2,"47":2,"48":2,"49":2,"50":2,"51":2,"53":2,"54":2,"55":2,"56":1,"57":2,"59":2,"60":2,"61":2,"63":1,"64":2,"66":1,"68":1,"69":1,"71":1,"72":3,"73":2,"74":2,"75":2,"76":2,"77":2,"78":2,"79":2,"80":2,"81":2,"82":2,"83":2,"84":2,"85":2,"86":2,"87":2,"88":2,"89":2,"90":2,"91":2,"92":2,"93":2,"94":3,"95":3,"97":1,"98":6,"99":3,"100":2,"101":2,"102":3,"104":6,"105":3,"106":2,"107":2,"108":3,"110":6,"111":3,"112":3,"113":3,"114":3,"115":6},"branchMap":{"0":{"type":"branch","line":22,"loc":{"start":{"line":22,"column":31},"end":{"line":30,"column":2}},"locations":[{"start":{"line":22,"column":31},"end":{"line":30,"column":2}}]},"1":{"type":"branch","line":24,"loc":{"start":{"line":24,"column":31},"end":{"line":28,"column":5}},"locations":[{"start":{"line":24,"column":31},"end":{"line":28,"column":5}}]},"2":{"type":"branch","line":24,"loc":{"start":{"line":24,"column":60},"end":{"line":28,"column":5}},"locations":[{"start":{"line":24,"column":60},"end":{"line":28,"column":5}}]},"3":{"type":"branch","line":32,"loc":{"start":{"line":32,"column":31},"end":{"line":44,"column":2}},"locations":[{"start":{"line":32,"column":31},"end":{"line":44,"column":2}}]},"4":{"type":"branch","line":34,"loc":{"start":{"line":34,"column":18},"end":{"line":42,"column":5}},"locations":[{"start":{"line":34,"column":18},"end":{"line":42,"column":5}}]},"5":{"type":"branch","line":37,"loc":{"start":{"line":37,"column":22},"end":{"line":40,"column":9}},"locations":[{"start":{"line":37,"column":22},"end":{"line":40,"column":9}}]},"6":{"type":"branch","line":38,"loc":{"start":{"line":38,"column":21},"end":{"line":39,"column":48}},"locations":[{"start":{"line":38,"column":21},"end":{"line":39,"column":48}}]},"7":{"type":"branch","line":46,"loc":{"start":{"line":46,"column":29},"end":{"line":62,"column":2}},"locations":[{"start":{"line":46,"column":29},"end":{"line":62,"column":2}}]},"8":{"type":"branch","line":47,"loc":{"start":{"line":47,"column":36},"end":{"line":47,"column":103}},"locations":[{"start":{"line":47,"column":36},"end":{"line":47,"column":103}}]},"9":{"type":"branch","line":48,"loc":{"start":{"line":48,"column":36},"end":{"line":48,"column":103}},"locations":[{"start":{"line":48,"column":36},"end":{"line":48,"column":103}}]},"10":{"type":"branch","line":49,"loc":{"start":{"line":49,"column":71},"end":{"line":49,"column":82}},"locations":[{"start":{"line":49,"column":71},"end":{"line":49,"column":82}}]},"11":{"type":"branch","line":54,"loc":{"start":{"line":54,"column":27},"end":{"line":58,"column":4}},"locations":[{"start":{"line":54,"column":27},"end":{"line":58,"column":4}}]},"12":{"type":"branch","line":55,"loc":{"start":{"line":55,"column":19},"end":{"line":56,"column":34}},"locations":[{"start":{"line":55,"column":19},"end":{"line":56,"column":34}}]},"13":{"type":"branch","line":56,"loc":{"start":{"line":56,"column":21},"end":{"line":56,"column":45}},"locations":[{"start":{"line":56,"column":21},"end":{"line":56,"column":45}}]},"14":{"type":"branch","line":56,"loc":{"start":{"line":56,"column":45},"end":{"line":56,"column":83}},"locations":[{"start":{"line":56,"column":45},"end":{"line":56,"column":83}}]},"15":{"type":"branch","line":56,"loc":{"start":{"line":56,"column":76},"end":{"line":57,"column":42}},"locations":[{"start":{"line":56,"column":76},"end":{"line":57,"column":42}}]},"16":{"type":"branch","line":64,"loc":{"start":{"line":64,"column":26},"end":{"line":70,"column":2}},"locations":[{"start":{"line":64,"column":26},"end":{"line":70,"column":2}}]},"17":{"type":"branch","line":65,"loc":{"start":{"line":65,"column":7},"end":{"line":65,"column":39}},"locations":[{"start":{"line":65,"column":7},"end":{"line":65,"column":39}}]},"18":{"type":"branch","line":65,"loc":{"start":{"line":65,"column":39},"end":{"line":70,"column":2}},"locations":[{"start":{"line":65,"column":39},"end":{"line":70,"column":2}}]},"19":{"type":"branch","line":69,"loc":{"start":{"line":69,"column":24},"end":{"line":69,"column":53}},"locations":[{"start":{"line":69,"column":24},"end":{"line":69,"column":53}}]},"20":{"type":"branch","line":72,"loc":{"start":{"line":72,"column":33},"end":{"line":96,"column":2}},"locations":[{"start":{"line":72,"column":33},"end":{"line":96,"column":2}}]},"21":{"type":"branch","line":73,"loc":{"start":{"line":73,"column":37},"end":{"line":95,"column":3}},"locations":[{"start":{"line":73,"column":37},"end":{"line":95,"column":3}}]},"22":{"type":"branch","line":98,"loc":{"start":{"line":98,"column":23},"end":{"line":116,"column":2}},"locations":[{"start":{"line":98,"column":23},"end":{"line":116,"column":2}}]},"23":{"type":"branch","line":111,"loc":{"start":{"line":111,"column":47},"end":{"line":114,"column":99}},"locations":[{"start":{"line":111,"column":47},"end":{"line":114,"column":99}}]},"24":{"type":"branch","line":114,"loc":{"start":{"line":114,"column":98},"end":{"line":115,"column":21}},"locations":[{"start":{"line":114,"column":98},"end":{"line":115,"column":21}}]},"25":{"type":"branch","line":99,"loc":{"start":{"line":99,"column":25},"end":{"line":103,"column":7}},"locations":[{"start":{"line":99,"column":25},"end":{"line":103,"column":7}}]},"26":{"type":"branch","line":100,"loc":{"start":{"line":100,"column":39},"end":{"line":103,"column":5}},"locations":[{"start":{"line":100,"column":39},"end":{"line":103,"column":5}}]},"27":{"type":"branch","line":105,"loc":{"start":{"line":105,"column":23},"end":{"line":109,"column":7}},"locations":[{"start":{"line":105,"column":23},"end":{"line":109,"column":7}}]},"28":{"type":"branch","line":106,"loc":{"start":{"line":106,"column":51},"end":{"line":109,"column":5}},"locations":[{"start":{"line":106,"column":51},"end":{"line":109,"column":5}}]}},"b":{"0":[3],"1":[3],"2":[2],"3":[2],"4":[2],"5":[2],"6":[1],"7":[2],"8":[2],"9":[2],"10":[2],"11":[2],"12":[1],"13":[1],"14":[0],"15":[1],"16":[2],"17":[1],"18":[1],"19":[1],"20":[3],"21":[2],"22":[6],"23":[3],"24":[3],"25":[3],"26":[2],"27":[3],"28":[2]},"fnMap":{"0":{"name":"getMemberDataForKeepMe","decl":{"start":{"line":22,"column":31},"end":{"line":30,"column":2}},"loc":{"start":{"line":22,"column":31},"end":{"line":30,"column":2}},"line":22},"1":{"name":"transformToContractApi","decl":{"start":{"line":32,"column":31},"end":{"line":44,"column":2}},"loc":{"start":{"line":32,"column":31},"end":{"line":44,"column":2}},"line":32},"2":{"name":"transformToApiMember","decl":{"start":{"line":46,"column":29},"end":{"line":62,"column":2}},"loc":{"start":{"line":46,"column":29},"end":{"line":62,"column":2}},"line":46},"3":{"name":"calculatedStatus","decl":{"start":{"line":54,"column":27},"end":{"line":58,"column":4}},"loc":{"start":{"line":54,"column":27},"end":{"line":58,"column":4}},"line":54},"4":{"name":"isContractExpired","decl":{"start":{"line":64,"column":26},"end":{"line":70,"column":2}},"loc":{"start":{"line":64,"column":26},"end":{"line":70,"column":2}},"line":64},"5":{"name":"getProspectDataForKeepMe","decl":{"start":{"line":72,"column":33},"end":{"line":96,"column":2}},"loc":{"start":{"line":72,"column":33},"end":{"line":96,"column":2}},"line":72},"6":{"name":"processMessage","decl":{"start":{"line":98,"column":23},"end":{"line":116,"column":2}},"loc":{"start":{"line":98,"column":23},"end":{"line":116,"column":2}},"line":98},"7":{"name":"handleProspect","decl":{"start":{"line":99,"column":25},"end":{"line":103,"column":7}},"loc":{"start":{"line":99,"column":25},"end":{"line":103,"column":7}},"line":99},"8":{"name":"handleMember","decl":{"start":{"line":105,"column":23},"end":{"line":109,"column":7}},"loc":{"start":{"line":105,"column":23},"end":{"line":109,"column":7}},"line":105}},"f":{"0":3,"1":2,"2":2,"3":2,"4":2,"5":3,"6":6,"7":3,"8":3}}
,"/Users/ling/projects/my_github/whitehaven/src/util.ts": {"path":"/Users/ling/projects/my_github/whitehaven/src/util.ts","all":false,"statementMap":{"0":{"start":{"line":1,"column":0},"end":{"line":1,"column":42}},"4":{"start":{"line":5,"column":0},"end":{"line":5,"column":67}},"5":{"start":{"line":6,"column":0},"end":{"line":6,"column":48}},"6":{"start":{"line":7,"column":0},"end":{"line":7,"column":15}},"7":{"start":{"line":8,"column":0},"end":{"line":8,"column":3}},"9":{"start":{"line":10,"column":0},"end":{"line":10,"column":27}},"10":{"start":{"line":11,"column":0},"end":{"line":11,"column":43}},"11":{"start":{"line":12,"column":0},"end":{"line":12,"column":55}},"12":{"start":{"line":13,"column":0},"end":{"line":13,"column":62}},"13":{"start":{"line":14,"column":0},"end":{"line":14,"column":47}},"14":{"start":{"line":15,"column":0},"end":{"line":15,"column":65}},"15":{"start":{"line":16,"column":0},"end":{"line":16,"column":11}},"16":{"start":{"line":17,"column":0},"end":{"line":17,"column":3}},"18":{"start":{"line":19,"column":0},"end":{"line":19,"column":13}},"19":{"start":{"line":20,"column":0},"end":{"line":20,"column":2}}},"s":{"0":1,"4":1,"5":239,"6":198,"7":198,"9":239,"10":7,"11":239,"12":34,"13":212,"14":212,"15":34,"16":34,"18":0,"19":0},"branchMap":{"0":{"type":"branch","line":5,"loc":{"start":{"line":5,"column":31},"end":{"line":20,"column":2}},"locations":[{"start":{"line":5,"column":31},"end":{"line":20,"column":2}}]},"1":{"type":"branch","line":6,"loc":{"start":{"line":6,"column":21},"end":{"line":6,"column":47}},"locations":[{"start":{"line":6,"column":21},"end":{"line":6,"column":47}}]},"2":{"type":"branch","line":6,"loc":{"start":{"line":6,"column":47},"end":{"line":8,"column":3}},"locations":[{"start":{"line":6,"column":47},"end":{"line":8,"column":3}}]},"3":{"type":"branch","line":8,"loc":{"start":{"line":8,"column":2},"end":{"line":10,"column":26}},"locations":[{"start":{"line":8,"column":2},"end":{"line":10,"column":26}}]},"4":{"type":"branch","line":10,"loc":{"start":{"line":10,"column":26},"end":{"line":12,"column":13}},"locations":[{"start":{"line":10,"column":26},"end":{"line":12,"column":13}}]},"5":{"type":"branch","line":12,"loc":{"start":{"line":12,"column":2},"end":{"line":17,"column":3}},"locations":[{"start":{"line":12,"column":2},"end":{"line":17,"column":3}}]},"6":{"type":"branch","line":17,"loc":{"start":{"line":17,"column":2},"end":{"line":20,"column":2}},"locations":[{"start":{"line":17,"column":2},"end":{"line":20,"column":2}}]},"7":{"type":"branch","line":13,"loc":{"start":{"line":13,"column":38},"end":{"line":16,"column":7}},"locations":[{"start":{"line":13,"column":38},"end":{"line":16,"column":7}}]}},"b":{"0":[239],"1":[42],"2":[198],"3":[41],"4":[7],"5":[34],"6":[0],"7":[212]},"fnMap":{"0":{"name":"convertKeysToSnakeCase","decl":{"start":{"line":5,"column":31},"end":{"line":20,"column":2}},"loc":{"start":{"line":5,"column":31},"end":{"line":20,"column":2}},"line":5}},"f":{"0":239}}
,"/Users/ling/projects/my_github/whitehaven/src/webhook.ts": {"path":"/Users/ling/projects/my_github/whitehaven/src/webhook.ts","all":false,"statementMap":{"0":{"start":{"line":1,"column":0},"end":{"line":1,"column":20}},"1":{"start":{"line":2,"column":0},"end":{"line":2,"column":53}},"2":{"start":{"line":3,"column":0},"end":{"line":3,"column":53}},"4":{"start":{"line":5,"column":0},"end":{"line":5,"column":61}},"6":{"start":{"line":7,"column":0},"end":{"line":7,"column":28}},"7":{"start":{"line":8,"column":0},"end":{"line":8,"column":19}},"8":{"start":{"line":9,"column":0},"end":{"line":9,"column":32}},"9":{"start":{"line":10,"column":0},"end":{"line":10,"column":3}},"15":{"start":{"line":16,"column":0},"end":{"line":16,"column":97}},"16":{"start":{"line":17,"column":0},"end":{"line":17,"column":47}},"17":{"start":{"line":18,"column":0},"end":{"line":18,"column":17}},"18":{"start":{"line":19,"column":0},"end":{"line":19,"column":34}},"19":{"start":{"line":20,"column":0},"end":{"line":20,"column":17}},"20":{"start":{"line":21,"column":0},"end":{"line":21,"column":63}},"21":{"start":{"line":22,"column":0},"end":{"line":22,"column":86}},"22":{"start":{"line":23,"column":0},"end":{"line":23,"column":63}},"23":{"start":{"line":24,"column":0},"end":{"line":24,"column":81}},"25":{"start":{"line":26,"column":0},"end":{"line":26,"column":27}},"26":{"start":{"line":27,"column":0},"end":{"line":27,"column":85}},"27":{"start":{"line":28,"column":0},"end":{"line":28,"column":9}},"28":{"start":{"line":29,"column":0},"end":{"line":29,"column":31}},"29":{"start":{"line":30,"column":0},"end":{"line":30,"column":9}},"30":{"start":{"line":31,"column":0},"end":{"line":31,"column":6}},"31":{"start":{"line":32,"column":0},"end":{"line":32,"column":82}},"32":{"start":{"line":33,"column":0},"end":{"line":33,"column":2}},"34":{"start":{"line":35,"column":0},"end":{"line":35,"column":102}},"35":{"start":{"line":36,"column":0},"end":{"line":36,"column":70}},"36":{"start":{"line":37,"column":0},"end":{"line":37,"column":94}},"38":{"start":{"line":39,"column":0},"end":{"line":39,"column":19}},"39":{"start":{"line":40,"column":0},"end":{"line":40,"column":15}},"40":{"start":{"line":41,"column":0},"end":{"line":41,"column":27}},"41":{"start":{"line":42,"column":0},"end":{"line":42,"column":14}},"42":{"start":{"line":43,"column":0},"end":{"line":43,"column":4}},"44":{"start":{"line":45,"column":0},"end":{"line":45,"column":40}},"45":{"start":{"line":46,"column":0},"end":{"line":46,"column":2}},"47":{"start":{"line":48,"column":0},"end":{"line":48,"column":87}},"48":{"start":{"line":49,"column":0},"end":{"line":49,"column":72}},"49":{"start":{"line":50,"column":0},"end":{"line":50,"column":23}},"51":{"start":{"line":52,"column":0},"end":{"line":52,"column":40}},"52":{"start":{"line":53,"column":0},"end":{"line":53,"column":2}}},"s":{"0":1,"1":1,"2":1,"4":1,"6":1,"7":1,"8":1,"9":1,"15":1,"16":8,"17":8,"18":8,"19":8,"20":6,"21":6,"22":6,"23":6,"25":6,"26":2,"27":2,"28":4,"29":6,"30":8,"31":8,"32":8,"34":1,"35":4,"36":4,"38":4,"39":4,"40":4,"41":4,"42":4,"44":4,"45":4,"47":1,"48":4,"49":4,"51":4,"52":4},"branchMap":{"0":{"type":"branch","line":16,"loc":{"start":{"line":16,"column":20},"end":{"line":33,"column":2}},"locations":[{"start":{"line":16,"column":20},"end":{"line":33,"column":2}}]},"1":{"type":"branch","line":19,"loc":{"start":{"line":19,"column":12},"end":{"line":19,"column":33}},"locations":[{"start":{"line":19,"column":12},"end":{"line":19,"column":33}}]},"2":{"type":"branch","line":20,"loc":{"start":{"line":20,"column":9},"end":{"line":31,"column":5}},"locations":[{"start":{"line":20,"column":9},"end":{"line":31,"column":5}}]},"3":{"type":"branch","line":21,"loc":{"start":{"line":21,"column":40},"end":{"line":30,"column":7}},"locations":[{"start":{"line":21,"column":40},"end":{"line":30,"column":7}}]},"4":{"type":"branch","line":26,"loc":{"start":{"line":26,"column":26},"end":{"line":28,"column":9}},"locations":[{"start":{"line":26,"column":26},"end":{"line":28,"column":9}}]},"5":{"type":"branch","line":28,"loc":{"start":{"line":28,"column":8},"end":{"line":29,"column":31}},"locations":[{"start":{"line":28,"column":8},"end":{"line":29,"column":31}}]},"6":{"type":"branch","line":35,"loc":{"start":{"line":35,"column":26},"end":{"line":46,"column":2}},"locations":[{"start":{"line":35,"column":26},"end":{"line":46,"column":2}}]},"7":{"type":"branch","line":37,"loc":{"start":{"line":37,"column":45},"end":{"line":37,"column":75}},"locations":[{"start":{"line":37,"column":45},"end":{"line":37,"column":75}}]},"8":{"type":"branch","line":37,"loc":{"start":{"line":37,"column":66},"end":{"line":37,"column":94}},"locations":[{"start":{"line":37,"column":66},"end":{"line":37,"column":94}}]},"9":{"type":"branch","line":48,"loc":{"start":{"line":48,"column":28},"end":{"line":53,"column":2}},"locations":[{"start":{"line":48,"column":28},"end":{"line":53,"column":2}}]}},"b":{"0":[8],"1":[8],"2":[6],"3":[6],"4":[2],"5":[4],"6":[4],"7":[3],"8":[1],"9":[4]},"fnMap":{"0":{"name":"sendWebhook","decl":{"start":{"line":16,"column":20},"end":{"line":33,"column":2}},"loc":{"start":{"line":16,"column":20},"end":{"line":33,"column":2}},"line":16},"1":{"name":"callMemberWebhook","decl":{"start":{"line":35,"column":26},"end":{"line":46,"column":2}},"loc":{"start":{"line":35,"column":26},"end":{"line":46,"column":2}},"line":35},"2":{"name":"callProspectWebhook","decl":{"start":{"line":48,"column":28},"end":{"line":53,"column":2}},"loc":{"start":{"line":48,"column":28},"end":{"line":53,"column":2}},"line":48}},"f":{"0":8,"1":4,"2":4}}
}
